# JRE version: Java(TM) SE Runtime Environment (17.0+35) (build 17+35-LTS-2724)
# Java VM: Java HotSpot(TM) 64-Bit Server VM (17+35-LTS-2724, mixed mode, emulated-client, sharing, tiered, compressed oops, compressed class ptrs, g1 gc, windows-amd64)
GC Precious Log:
 CPUs: 8 total, 8 available
 Memory: 7976M
 Large Page Support: Disabled
 NUMA Support: Disabled
 Compressed Oops: Enabled (32-bit)
 Heap Region Size: 1M
 Heap Min Capacity: 8M
 Heap Initial Capacity: 126M
 Heap Max Capacity: 1996M
 Pre-touch: Disabled
 Parallel Workers: 8
 Concurrent Workers: 2
 Concurrent Refinement Workers: 8
 Periodic GC: Disabled
Heap:
 garbage-first heap   total 220160K, used 149118K [0x0000000083400000, 0x0000000100000000)
  region size 1024K, 57 young (58368K), 13 survivors (13312K)
 Metaspace       used 92059K, committed 92928K, reserved 1130496K
  class space    used 12839K, committed 13248K, reserved 1048576K
GC Heap History (20 events):
Event: 952.446 GC heap before
{Heap before GC invocations=59 (full 6):
 garbage-first heap   total 143360K, used 108707K [0x0000000083400000, 0x0000000100000000)
  region size 1024K, 63 young (64512K), 5 survivors (5120K)
 Metaspace       used 90248K, committed 91072K, reserved 1130496K
  class space    used 12605K, committed 12992K, reserved 1048576K
}
Event: 952.450 GC heap after
{Heap after GC invocations=60 (full 6):
 garbage-first heap   total 143360K, used 52942K [0x0000000083400000, 0x0000000100000000)
  region size 1024K, 7 young (7168K), 7 survivors (7168K)
 Metaspace       used 90248K, committed 91072K, reserved 1130496K
  class space    used 12605K, committed 12992K, reserved 1048576K
}
Event: 952.550 GC heap before
{Heap before GC invocations=60 (full 6):
 garbage-first heap   total 143360K, used 111310K [0x0000000083400000, 0x0000000100000000)
  region size 1024K, 65 young (66560K), 7 survivors (7168K)
 Metaspace       used 90289K, committed 91072K, reserved 1130496K
  class space    used 12609K, committed 12992K, reserved 1048576K
}
Event: 952.554 GC heap after
{Heap after GC invocations=61 (full 6):
 garbage-first heap   total 143360K, used 54083K [0x0000000083400000, 0x0000000100000000)
  region size 1024K, 5 young (5120K), 5 survivors (5120K)
 Metaspace       used 90289K, committed 91072K, reserved 1130496K
  class space    used 12609K, committed 12992K, reserved 1048576K
}
Event: 952.729 GC heap before
{Heap before GC invocations=61 (full 6):
 garbage-first heap   total 143360K, used 113475K [0x0000000083400000, 0x0000000100000000)
  region size 1024K, 64 young (65536K), 5 survivors (5120K)
 Metaspace       used 90346K, committed 91136K, reserved 1130496K
  class space    used 12618K, committed 12992K, reserved 1048576K
}
Event: 952.732 GC heap after
{Heap after GC invocations=62 (full 6):
 garbage-first heap   total 183296K, used 56380K [0x0000000083400000, 0x0000000100000000)
  region size 1024K, 4 young (4096K), 4 survivors (4096K)
 Metaspace       used 90346K, committed 91136K, reserved 1130496K
  class space    used 12618K, committed 12992K, reserved 1048576K
}
Event: 954.482 GC heap before
{Heap before GC invocations=62 (full 6):
 garbage-first heap   total 183296K, used 145468K [0x0000000083400000, 0x0000000100000000)
  region size 1024K, 91 young (93184K), 4 survivors (4096K)
 Metaspace       used 90645K, committed 91456K, reserved 1130496K
  class space    used 12655K, committed 13056K, reserved 1048576K
}
Event: 954.486 GC heap after
{Heap after GC invocations=63 (full 6):
 garbage-first heap   total 183296K, used 60392K [0x0000000083400000, 0x0000000100000000)
  region size 1024K, 8 young (8192K), 8 survivors (8192K)
 Metaspace       used 90645K, committed 91456K, reserved 1130496K
  class space    used 12655K, committed 13056K, reserved 1048576K
}
Event: 954.808 GC heap before
{Heap before GC invocations=63 (full 6):
 garbage-first heap   total 183296K, used 146408K [0x0000000083400000, 0x0000000100000000)
  region size 1024K, 92 young (94208K), 8 survivors (8192K)
 Metaspace       used 90961K, committed 91776K, reserved 1130496K
  class space    used 12708K, committed 13120K, reserved 1048576K
}
Event: 954.813 GC heap after
{Heap after GC invocations=64 (full 6):
 garbage-first heap   total 183296K, used 64901K [0x0000000083400000, 0x0000000100000000)
  region size 1024K, 10 young (10240K), 10 survivors (10240K)
 Metaspace       used 90961K, committed 91776K, reserved 1130496K
  class space    used 12708K, committed 13120K, reserved 1048576K
}
Event: 954.936 GC heap before
{Heap before GC invocations=64 (full 6):
 garbage-first heap   total 183296K, used 145797K [0x0000000083400000, 0x0000000100000000)
  region size 1024K, 90 young (92160K), 10 survivors (10240K)
 Metaspace       used 91203K, committed 92032K, reserved 1130496K
  class space    used 12739K, committed 13120K, reserved 1048576K
}
Event: 954.941 GC heap after
{Heap after GC invocations=65 (full 6):
 garbage-first heap   total 183296K, used 67246K [0x0000000083400000, 0x0000000100000000)
  region size 1024K, 8 young (8192K), 8 survivors (8192K)
 Metaspace       used 91203K, committed 92032K, reserved 1130496K
  class space    used 12739K, committed 13120K, reserved 1048576K
}
Event: 955.050 GC heap before
{Heap before GC invocations=65 (full 6):
 garbage-first heap   total 183296K, used 146094K [0x0000000083400000, 0x0000000100000000)
  region size 1024K, 86 young (88064K), 8 survivors (8192K)
 Metaspace       used 91239K, committed 92032K, reserved 1130496K
  class space    used 12743K, committed 13120K, reserved 1048576K
}
Event: 955.054 GC heap after
{Heap after GC invocations=66 (full 6):
 garbage-first heap   total 183296K, used 68527K [0x0000000083400000, 0x0000000100000000)
  region size 1024K, 5 young (5120K), 5 survivors (5120K)
 Metaspace       used 91239K, committed 92032K, reserved 1130496K
  class space    used 12743K, committed 13120K, reserved 1048576K
}
Event: 955.297 GC heap before
{Heap before GC invocations=66 (full 6):
 garbage-first heap   total 183296K, used 149423K [0x0000000083400000, 0x0000000100000000)
  region size 1024K, 84 young (86016K), 5 survivors (5120K)
 Metaspace       used 91878K, committed 92736K, reserved 1130496K
  class space    used 12804K, committed 13248K, reserved 1048576K
}
Event: 955.302 GC heap after
{Heap after GC invocations=67 (full 6):
 garbage-first heap   total 220160K, used 73943K [0x0000000083400000, 0x0000000100000000)
  region size 1024K, 10 young (10240K), 10 survivors (10240K)
 Metaspace       used 91878K, committed 92736K, reserved 1130496K
  class space    used 12804K, committed 13248K, reserved 1048576K
}
Event: 955.569 GC heap before
{Heap before GC invocations=67 (full 6):
 garbage-first heap   total 220160K, used 177367K [0x0000000083400000, 0x0000000100000000)
  region size 1024K, 111 young (113664K), 10 survivors (10240K)
 Metaspace       used 92023K, committed 92928K, reserved 1130496K
  class space    used 12835K, committed 13248K, reserved 1048576K
}
Event: 955.577 GC heap after
{Heap after GC invocations=68 (full 6):
 garbage-first heap   total 220160K, used 84281K [0x0000000083400000, 0x0000000100000000)
  region size 1024K, 14 young (14336K), 14 survivors (14336K)
 Metaspace       used 92023K, committed 92928K, reserved 1130496K
  class space    used 12835K, committed 13248K, reserved 1048576K
}
Event: 955.671 GC heap before
{Heap before GC invocations=68 (full 6):
 garbage-first heap   total 220160K, used 172345K [0x0000000083400000, 0x0000000100000000)
  region size 1024K, 100 young (102400K), 14 survivors (14336K)
 Metaspace       used 92023K, committed 92928K, reserved 1130496K
  class space    used 12835K, committed 13248K, reserved 1048576K
}
Event: 955.686 GC heap after
{Heap after GC invocations=69 (full 6):
 garbage-first heap   total 220160K, used 106110K [0x0000000083400000, 0x0000000100000000)
  region size 1024K, 13 young (13312K), 13 survivors (13312K)
 Metaspace       used 92023K, committed 92928K, reserved 1130496K
  class space    used 12835K, committed 13248K, reserved 1048576K
}

