# JRE version: Java(TM) SE Runtime Environment (17.0+35) (build 17+35-LTS-2724)
# Java VM: Java HotSpot(TM) 64-Bit Server VM (17+35-LTS-2724, mixed mode, emulated-client, sharing, tiered, compressed oops, compressed class ptrs, g1 gc, windows-amd64)
GC Precious Log:
 CPUs: 8 total, 8 available
 Memory: 7976M
 Large Page Support: Disabled
 NUMA Support: Disabled
 Compressed Oops: Enabled (32-bit)
 Heap Region Size: 1M
 Heap Min Capacity: 8M
 Heap Initial Capacity: 126M
 Heap Max Capacity: 1996M
 Pre-touch: Disabled
 Parallel Workers: 8
 Concurrent Workers: 2
 Concurrent Refinement Workers: 8
 Periodic GC: Disabled
Heap:
 garbage-first heap   total 211968K, used 141029K [0x0000000083400000, 0x0000000100000000)
  region size 1024K, 68 young (69632K), 2 survivors (2048K)
 Metaspace       used 94967K, committed 95936K, reserved 1138688K
  class space    used 13198K, committed 13696K, reserved 1048576K
GC Heap History (20 events):
Event: 693.190 GC heap before
{Heap before GC invocations=70 (full 4):
 garbage-first heap   total 425984K, used 321378K [0x0000000083400000, 0x0000000100000000)
  region size 1024K, 243 young (248832K), 11 survivors (11264K)
 Metaspace       used 93629K, committed 94528K, reserved 1130496K
  class space    used 13029K, committed 13504K, reserved 1048576K
}
Event: 693.201 GC heap after
{Heap after GC invocations=71 (full 4):
 garbage-first heap   total 425984K, used 92825K [0x0000000083400000, 0x0000000100000000)
  region size 1024K, 19 young (19456K), 19 survivors (19456K)
 Metaspace       used 93629K, committed 94528K, reserved 1130496K
  class space    used 13029K, committed 13504K, reserved 1048576K
}
Event: 708.303 GC heap before
{Heap before GC invocations=71 (full 4):
 garbage-first heap   total 425984K, used 132761K [0x0000000083400000, 0x0000000100000000)
  region size 1024K, 60 young (61440K), 19 survivors (19456K)
 Metaspace       used 93705K, committed 94592K, reserved 1130496K
  class space    used 13042K, committed 13504K, reserved 1048576K
}
Event: 708.359 GC heap after
{Heap after GC invocations=72 (full 5):
 garbage-first heap   total 211968K, used 58389K [0x0000000083400000, 0x0000000100000000)
  region size 1024K, 0 young (0K), 0 survivors (0K)
 Metaspace       used 93705K, committed 94592K, reserved 1130496K
  class space    used 13042K, committed 13504K, reserved 1048576K
}
Event: 708.889 GC heap before
{Heap before GC invocations=72 (full 5):
 garbage-first heap   total 211968K, used 158741K [0x0000000083400000, 0x0000000100000000)
  region size 1024K, 99 young (101376K), 0 survivors (0K)
 Metaspace       used 94083K, committed 95104K, reserved 1130496K
  class space    used 13107K, committed 13632K, reserved 1048576K
}
Event: 708.893 GC heap after
{Heap after GC invocations=73 (full 5):
 garbage-first heap   total 211968K, used 66268K [0x0000000083400000, 0x0000000100000000)
  region size 1024K, 8 young (8192K), 8 survivors (8192K)
 Metaspace       used 94083K, committed 95104K, reserved 1130496K
  class space    used 13107K, committed 13632K, reserved 1048576K
}
Event: 709.143 GC heap before
{Heap before GC invocations=74 (full 5):
 garbage-first heap   total 211968K, used 160476K [0x0000000083400000, 0x0000000100000000)
  region size 1024K, 101 young (103424K), 8 survivors (8192K)
 Metaspace       used 94121K, committed 95104K, reserved 1130496K
  class space    used 13099K, committed 13632K, reserved 1048576K
}
Event: 709.147 GC heap after
{Heap after GC invocations=75 (full 5):
 garbage-first heap   total 211968K, used 68788K [0x0000000083400000, 0x0000000100000000)
  region size 1024K, 5 young (5120K), 5 survivors (5120K)
 Metaspace       used 94121K, committed 95104K, reserved 1130496K
  class space    used 13099K, committed 13632K, reserved 1048576K
}
Event: 709.167 GC heap before
{Heap before GC invocations=75 (full 5):
 garbage-first heap   total 211968K, used 73908K [0x0000000083400000, 0x0000000100000000)
  region size 1024K, 10 young (10240K), 5 survivors (5120K)
 Metaspace       used 94143K, committed 95104K, reserved 1130496K
  class space    used 13102K, committed 13632K, reserved 1048576K
}
Event: 709.170 GC heap after
{Heap after GC invocations=76 (full 5):
 garbage-first heap   total 211968K, used 57114K [0x0000000083400000, 0x0000000100000000)
  region size 1024K, 1 young (1024K), 1 survivors (1024K)
 Metaspace       used 94143K, committed 95104K, reserved 1130496K
  class space    used 13102K, committed 13632K, reserved 1048576K
}
Event: 709.484 GC heap before
{Heap before GC invocations=76 (full 5):
 garbage-first heap   total 211968K, used 164634K [0x0000000083400000, 0x0000000100000000)
  region size 1024K, 107 young (109568K), 1 survivors (1024K)
 Metaspace       used 94294K, committed 95232K, reserved 1130496K
  class space    used 13119K, committed 13632K, reserved 1048576K
}
Event: 709.487 GC heap after
{Heap after GC invocations=77 (full 5):
 garbage-first heap   total 211968K, used 60557K [0x0000000083400000, 0x0000000100000000)
  region size 1024K, 5 young (5120K), 5 survivors (5120K)
 Metaspace       used 94294K, committed 95232K, reserved 1130496K
  class space    used 13119K, committed 13632K, reserved 1048576K
}
Event: 709.898 GC heap before
{Heap before GC invocations=77 (full 5):
 garbage-first heap   total 211968K, used 167053K [0x0000000083400000, 0x0000000100000000)
  region size 1024K, 109 young (111616K), 5 survivors (5120K)
 Metaspace       used 94927K, committed 95872K, reserved 1138688K
  class space    used 13193K, committed 13696K, reserved 1048576K
}
Event: 709.904 GC heap after
{Heap after GC invocations=78 (full 5):
 garbage-first heap   total 211968K, used 67147K [0x0000000083400000, 0x0000000100000000)
  region size 1024K, 11 young (11264K), 11 survivors (11264K)
 Metaspace       used 94927K, committed 95872K, reserved 1138688K
  class space    used 13193K, committed 13696K, reserved 1048576K
}
Event: 709.924 GC heap before
{Heap before GC invocations=78 (full 5):
 garbage-first heap   total 211968K, used 81483K [0x0000000083400000, 0x0000000100000000)
  region size 1024K, 27 young (27648K), 11 survivors (11264K)
 Metaspace       used 94927K, committed 95872K, reserved 1138688K
  class space    used 13193K, committed 13696K, reserved 1048576K
}
Event: 709.930 GC heap after
{Heap after GC invocations=79 (full 5):
 garbage-first heap   total 211968K, used 70948K [0x0000000083400000, 0x0000000100000000)
  region size 1024K, 11 young (11264K), 11 survivors (11264K)
 Metaspace       used 94927K, committed 95872K, reserved 1138688K
  class space    used 13193K, committed 13696K, reserved 1048576K
}
Event: 710.075 GC heap before
{Heap before GC invocations=80 (full 5):
 garbage-first heap   total 211968K, used 170276K [0x0000000083400000, 0x0000000100000000)
  region size 1024K, 107 young (109568K), 11 survivors (11264K)
 Metaspace       used 94924K, committed 95872K, reserved 1138688K
  class space    used 13192K, committed 13696K, reserved 1048576K
}
Event: 710.081 GC heap after
{Heap after GC invocations=81 (full 5):
 garbage-first heap   total 211968K, used 75842K [0x0000000083400000, 0x0000000100000000)
  region size 1024K, 9 young (9216K), 9 survivors (9216K)
 Metaspace       used 94924K, committed 95872K, reserved 1138688K
  class space    used 13192K, committed 13696K, reserved 1048576K
}
Event: 710.083 GC heap before
{Heap before GC invocations=81 (full 5):
 garbage-first heap   total 211968K, used 76866K [0x0000000083400000, 0x0000000100000000)
  region size 1024K, 10 young (10240K), 9 survivors (9216K)
 Metaspace       used 94924K, committed 95872K, reserved 1138688K
  class space    used 13192K, committed 13696K, reserved 1048576K
}
Event: 710.086 GC heap after
{Heap after GC invocations=82 (full 5):
 garbage-first heap   total 211968K, used 75493K [0x0000000083400000, 0x0000000100000000)
  region size 1024K, 2 young (2048K), 2 survivors (2048K)
 Metaspace       used 94924K, committed 95872K, reserved 1138688K
  class space    used 13192K, committed 13696K, reserved 1048576K
}

